config.py - initialize_logger - INFO - Logger succesfully initialized
utilities.py - run_written_query - INFO - Connection estabilished
utilities.py - run_written_query - INFO - Query create_authors.sql finished!
fill_authors.py - fill_table - INFO - DB engine connection estabilished
utilities.py - run_written_query - INFO - Connection estabilished
utilities.py - run_written_query - INFO - Query SELECT id                                                         FROM authors finished!
utilities.py - progress_track - INFO - Inserted 100000 authors in: 00:04
utilities.py - progress_track - INFO - Inserted 200000 authors in: 00:09
utilities.py - progress_track - INFO - Inserted 300000 authors in: 00:14
utilities.py - progress_track - INFO - Inserted 400000 authors in: 00:19
utilities.py - progress_track - INFO - Inserted 500000 authors in: 00:23
utilities.py - progress_track - INFO - Inserted 600000 authors in: 00:28
utilities.py - progress_track - INFO - Inserted 700000 authors in: 00:33
utilities.py - progress_track - INFO - Inserted 800000 authors in: 00:37
utilities.py - progress_track - INFO - Inserted 900000 authors in: 00:42
utilities.py - progress_track - INFO - Inserted 1000000 authors in: 00:47
utilities.py - progress_track - INFO - Inserted 1100000 authors in: 00:53
utilities.py - progress_track - INFO - Inserted 1200000 authors in: 00:58
utilities.py - progress_track - INFO - Inserted 1300000 authors in: 01:02
utilities.py - progress_track - INFO - Inserted 1400000 authors in: 01:07
utilities.py - progress_track - INFO - Inserted 1500000 authors in: 01:12
utilities.py - progress_track - INFO - Inserted 1600000 authors in: 01:17
utilities.py - progress_track - INFO - Inserted 1700000 authors in: 01:22
utilities.py - progress_track - INFO - Inserted 1800000 authors in: 01:28
utilities.py - progress_track - INFO - Inserted 1900000 authors in: 01:33
utilities.py - progress_track - INFO - Inserted 2000000 authors in: 01:38
utilities.py - progress_track - INFO - Inserted 2100000 authors in: 01:43
utilities.py - progress_track - INFO - Inserted 2200000 authors in: 01:48
utilities.py - progress_track - INFO - Inserted 2300000 authors in: 01:53
utilities.py - progress_track - INFO - Inserted 2400000 authors in: 01:58
utilities.py - progress_track - INFO - Inserted 2500000 authors in: 02:03
utilities.py - progress_track - INFO - Inserted 2600000 authors in: 02:09
utilities.py - progress_track - INFO - Inserted 2700000 authors in: 02:14
utilities.py - progress_track - INFO - Inserted 2800000 authors in: 02:19
utilities.py - progress_track - INFO - Inserted 2900000 authors in: 02:24
utilities.py - progress_track - INFO - Inserted 3000000 authors in: 02:29
utilities.py - progress_track - INFO - Inserted 3100000 authors in: 02:34
utilities.py - progress_track - INFO - Inserted 3200000 authors in: 02:39
utilities.py - progress_track - INFO - Inserted 3300000 authors in: 02:45
utilities.py - progress_track - INFO - Inserted 3400000 authors in: 02:51
utilities.py - progress_track - INFO - Inserted 3500000 authors in: 02:56
utilities.py - progress_track - INFO - Inserted 3600000 authors in: 03:02
utilities.py - progress_track - INFO - Inserted 3700000 authors in: 03:08
utilities.py - progress_track - INFO - Inserted 3800000 authors in: 03:15
utilities.py - progress_track - INFO - Inserted 3900000 authors in: 03:20
utilities.py - progress_track - INFO - Inserted 4000000 authors in: 03:26
utilities.py - progress_track - INFO - Inserted 4100000 authors in: 03:32
utilities.py - progress_track - INFO - Inserted 4200000 authors in: 03:38
utilities.py - progress_track - INFO - Inserted 4300000 authors in: 03:43
utilities.py - progress_track - INFO - Inserted 4400000 authors in: 03:49
utilities.py - progress_track - INFO - Inserted 4500000 authors in: 03:54
utilities.py - progress_track - INFO - Inserted 4600000 authors in: 03:59
utilities.py - progress_track - INFO - Inserted 4700000 authors in: 04:05
utilities.py - progress_track - INFO - Inserted 4800000 authors in: 04:10
utilities.py - progress_track - INFO - Inserted 4900000 authors in: 04:16
utilities.py - progress_track - INFO - Inserted 5000000 authors in: 04:22
utilities.py - progress_track - INFO - Inserted 5100000 authors in: 04:27
utilities.py - progress_track - INFO - Inserted 5200000 authors in: 04:34
utilities.py - progress_track - INFO - Inserted 5300000 authors in: 04:39
utilities.py - progress_track - INFO - Inserted 5400000 authors in: 04:45
utilities.py - progress_track - INFO - Inserted 5500000 authors in: 04:51
utilities.py - progress_track - INFO - Inserted 5600000 authors in: 04:56
utilities.py - progress_track - INFO - Inserted 5700000 authors in: 05:02
utilities.py - progress_track - INFO - Inserted 5800000 authors in: 05:06
utilities.py - progress_track - INFO - Inserted 5900000 authors in: 05:10
utilities.py - progress_track - INFO - Inserted 6000000 authors in: 05:14
utilities.py - progress_track - INFO - Inserted 6100000 authors in: 05:18
utilities.py - progress_track - INFO - Inserted 6200000 authors in: 05:22
utilities.py - progress_track - INFO - Inserted 6300000 authors in: 05:26
utilities.py - progress_track - INFO - Inserted 6400000 authors in: 05:31
utilities.py - progress_track - INFO - Inserted 6500000 authors in: 05:36
utilities.py - progress_track - INFO - Inserted 6600000 authors in: 05:40
utilities.py - progress_track - INFO - Inserted 6675633 authors in: 05:43
fill_authors.py - fill_table - INFO - Upload into authors database succesful
utilities.py - run_written_query - INFO - Connection estabilished
utilities.py - run_written_query - INFO - Query SELECT COUNT(*) FROM authors finished!
main.py - main - INFO - There is 5871810 authors in the DB
utilities.py - run_written_query - INFO - Connection estabilished
utilities.py - run_written_query - INFO - Query create_other_tables.sql finished!
utilities.py - run_written_query - INFO - Connection estabilished
utilities.py - run_written_query - INFO - Query SELECT max(id) FROM links finished!
utilities.py - run_written_query - INFO - Connection estabilished
utilities.py - run_written_query - INFO - Query SELECT max(id) FROM annotations finished!
utilities.py - run_written_query - INFO - Connection estabilished
utilities.py - run_written_query - INFO - Query SELECT max(id) FROM annotations finished!
utilities.py - run_written_query - INFO - Connection estabilished
utilities.py - run_written_query - INFO - Query SELECT max(id) FROM conversation_hashtags finished!
utilities.py - run_written_query - INFO - Connection estabilished
utilities.py - run_written_query - INFO - Query SELECT id FROM conversations; finished!
utilities.py - run_written_query - INFO - Connection estabilished
utilities.py - run_written_query - INFO - Query SELECT id FROM authors; finished!
utilities.py - run_written_query - INFO - Connection estabilished
utilities.py - run_written_query - INFO - Query SELECT id FROM context_entities; finished!
utilities.py - run_written_query - INFO - Connection estabilished
utilities.py - run_written_query - INFO - Query SELECT id FROM context_domains; finished!
utilities.py - run_written_query - INFO - Connection estabilished
utilities.py - run_written_query - INFO - Query SELECT tag FROM hashtags; finished!
utilities.py - progress_track - INFO - Inserted 100000 conversations in: 00:32
utilities.py - progress_track - INFO - Inserted 200000 conversations in: 00:58
utilities.py - progress_track - INFO - Inserted 300000 conversations in: 01:25
utilities.py - progress_track - INFO - Inserted 400000 conversations in: 01:57
utilities.py - progress_track - INFO - Inserted 500000 conversations in: 02:27
utilities.py - progress_track - INFO - Inserted 600000 conversations in: 03:00
utilities.py - progress_track - INFO - Inserted 700000 conversations in: 03:33
utilities.py - progress_track - INFO - Inserted 800000 conversations in: 04:07
utilities.py - progress_track - INFO - Inserted 900000 conversations in: 04:40
utilities.py - progress_track - INFO - Inserted 1000000 conversations in: 05:12
utilities.py - progress_track - INFO - Inserted 1100000 conversations in: 05:48
utilities.py - progress_track - INFO - Inserted 1200000 conversations in: 06:26
utilities.py - progress_track - INFO - Inserted 1300000 conversations in: 07:04
utilities.py - progress_track - INFO - Inserted 1400000 conversations in: 07:43
utilities.py - progress_track - INFO - Inserted 1500000 conversations in: 08:21
utilities.py - progress_track - INFO - Inserted 1600000 conversations in: 08:58
utilities.py - progress_track - INFO - Inserted 1700000 conversations in: 09:36
utilities.py - progress_track - INFO - Inserted 1800000 conversations in: 10:16
utilities.py - progress_track - INFO - Inserted 1900000 conversations in: 10:56
utilities.py - progress_track - INFO - Inserted 2000000 conversations in: 11:35
utilities.py - progress_track - INFO - Inserted 2100000 conversations in: 12:14
utilities.py - progress_track - INFO - Inserted 2200000 conversations in: 12:51
utilities.py - progress_track - INFO - Inserted 2300000 conversations in: 13:29
utilities.py - progress_track - INFO - Inserted 2400000 conversations in: 14:06
utilities.py - progress_track - INFO - Inserted 2500000 conversations in: 14:41
utilities.py - progress_track - INFO - Inserted 2600000 conversations in: 15:17
utilities.py - progress_track - INFO - Inserted 2700000 conversations in: 15:53
utilities.py - progress_track - INFO - Inserted 2800000 conversations in: 16:28
utilities.py - progress_track - INFO - Inserted 2900000 conversations in: 17:03
utilities.py - progress_track - INFO - Inserted 3000000 conversations in: 17:41
utilities.py - progress_track - INFO - Inserted 3100000 conversations in: 18:17
utilities.py - progress_track - INFO - Inserted 3200000 conversations in: 18:54
utilities.py - progress_track - INFO - Inserted 3300000 conversations in: 19:29
utilities.py - progress_track - INFO - Inserted 3400000 conversations in: 20:06
utilities.py - progress_track - INFO - Inserted 3500000 conversations in: 20:43
utilities.py - progress_track - INFO - Inserted 3600000 conversations in: 21:20
utilities.py - progress_track - INFO - Inserted 3700000 conversations in: 21:56
utilities.py - progress_track - INFO - Inserted 3800000 conversations in: 22:34
utilities.py - progress_track - INFO - Inserted 3900000 conversations in: 23:12
utilities.py - progress_track - INFO - Inserted 4000000 conversations in: 23:50
utilities.py - progress_track - INFO - Inserted 4100000 conversations in: 24:29
utilities.py - progress_track - INFO - Inserted 4200000 conversations in: 25:07
utilities.py - progress_track - INFO - Inserted 4300000 conversations in: 25:46
utilities.py - progress_track - INFO - Inserted 4400000 conversations in: 26:24
utilities.py - progress_track - INFO - Inserted 4500000 conversations in: 27:00
utilities.py - progress_track - INFO - Inserted 4600000 conversations in: 27:40
utilities.py - progress_track - INFO - Inserted 4700000 conversations in: 28:18
utilities.py - progress_track - INFO - Inserted 4800000 conversations in: 28:55
utilities.py - progress_track - INFO - Inserted 4900000 conversations in: 29:37
utilities.py - progress_track - INFO - Inserted 5000000 conversations in: 30:16
utilities.py - progress_track - INFO - Inserted 5100000 conversations in: 31:01
utilities.py - progress_track - INFO - Inserted 5200000 conversations in: 31:41
utilities.py - progress_track - INFO - Inserted 5300000 conversations in: 32:21
utilities.py - progress_track - INFO - Inserted 5400000 conversations in: 33:08
utilities.py - progress_track - INFO - Inserted 5500000 conversations in: 33:51
utilities.py - progress_track - INFO - Inserted 5600000 conversations in: 34:31
utilities.py - progress_track - INFO - Inserted 5700000 conversations in: 35:08
utilities.py - progress_track - INFO - Inserted 5800000 conversations in: 35:45
utilities.py - progress_track - INFO - Inserted 5900000 conversations in: 36:22
utilities.py - progress_track - INFO - Inserted 6000000 conversations in: 36:58
utilities.py - progress_track - INFO - Inserted 6100000 conversations in: 37:34
utilities.py - progress_track - INFO - Inserted 6200000 conversations in: 38:10
utilities.py - progress_track - INFO - Inserted 6300000 conversations in: 38:46
utilities.py - progress_track - INFO - Inserted 6400000 conversations in: 39:23
utilities.py - progress_track - INFO - Inserted 6500000 conversations in: 39:59
utilities.py - progress_track - INFO - Inserted 6600000 conversations in: 40:37
utilities.py - progress_track - INFO - Inserted 6700000 conversations in: 41:15
utilities.py - progress_track - INFO - Inserted 6800000 conversations in: 41:53
utilities.py - progress_track - INFO - Inserted 6900000 conversations in: 42:33
utilities.py - progress_track - INFO - Inserted 7000000 conversations in: 43:13
utilities.py - progress_track - INFO - Inserted 7100000 conversations in: 43:52
utilities.py - progress_track - INFO - Inserted 7200000 conversations in: 44:33
utilities.py - progress_track - INFO - Inserted 7300000 conversations in: 45:13
utilities.py - progress_track - INFO - Inserted 7400000 conversations in: 45:53
utilities.py - progress_track - INFO - Inserted 7500000 conversations in: 46:33
utilities.py - progress_track - INFO - Inserted 7600000 conversations in: 47:18
utilities.py - progress_track - INFO - Inserted 7700000 conversations in: 48:02
utilities.py - progress_track - INFO - Inserted 7800000 conversations in: 48:43
utilities.py - progress_track - INFO - Inserted 7900000 conversations in: 49:26
utilities.py - progress_track - INFO - Inserted 8000000 conversations in: 50:07
utilities.py - progress_track - INFO - Inserted 8100000 conversations in: 50:47
utilities.py - progress_track - INFO - Inserted 8200000 conversations in: 51:32
utilities.py - progress_track - INFO - Inserted 8300000 conversations in: 52:14
utilities.py - progress_track - INFO - Inserted 8400000 conversations in: 52:57
utilities.py - progress_track - INFO - Inserted 8500000 conversations in: 53:39
utilities.py - progress_track - INFO - Inserted 8600000 conversations in: 54:21
utilities.py - progress_track - INFO - Inserted 8700000 conversations in: 55:01
utilities.py - progress_track - INFO - Inserted 8800000 conversations in: 55:40
utilities.py - progress_track - INFO - Inserted 8900000 conversations in: 56:18
utilities.py - progress_track - INFO - Inserted 9000000 conversations in: 56:57
utilities.py - progress_track - INFO - Inserted 9100000 conversations in: 57:35
utilities.py - progress_track - INFO - Inserted 9200000 conversations in: 58:14
utilities.py - progress_track - INFO - Inserted 9300000 conversations in: 58:51
utilities.py - progress_track - INFO - Inserted 9400000 conversations in: 59:30
utilities.py - progress_track - INFO - Inserted 9500000 conversations in: 60:07
utilities.py - progress_track - INFO - Inserted 9600000 conversations in: 60:47
utilities.py - progress_track - INFO - Inserted 9700000 conversations in: 61:26
utilities.py - progress_track - INFO - Inserted 9800000 conversations in: 62:06
utilities.py - progress_track - INFO - Inserted 9900000 conversations in: 62:46
utilities.py - progress_track - INFO - Inserted 10000000 conversations in: 63:28
utilities.py - progress_track - INFO - Inserted 10100000 conversations in: 64:09
utilities.py - progress_track - INFO - Inserted 10200000 conversations in: 64:54
utilities.py - progress_track - INFO - Inserted 10300000 conversations in: 65:41
utilities.py - progress_track - INFO - Inserted 10400000 conversations in: 66:25
utilities.py - progress_track - INFO - Inserted 10500000 conversations in: 67:07
utilities.py - progress_track - INFO - Inserted 10600000 conversations in: 67:47
utilities.py - progress_track - INFO - Inserted 10700000 conversations in: 68:29
utilities.py - progress_track - INFO - Inserted 10800000 conversations in: 69:08
utilities.py - progress_track - INFO - Inserted 10900000 conversations in: 69:49
utilities.py - progress_track - INFO - Inserted 11000000 conversations in: 70:29
utilities.py - progress_track - INFO - Inserted 11100000 conversations in: 71:12
utilities.py - progress_track - INFO - Inserted 11200000 conversations in: 71:57
utilities.py - progress_track - INFO - Inserted 11300000 conversations in: 72:38
utilities.py - progress_track - INFO - Inserted 11400000 conversations in: 73:20
utilities.py - progress_track - INFO - Inserted 11500000 conversations in: 74:02
utilities.py - progress_track - INFO - Inserted 11600000 conversations in: 74:45
utilities.py - progress_track - INFO - Inserted 11700000 conversations in: 75:31
utilities.py - progress_track - INFO - Inserted 11800000 conversations in: 76:16
utilities.py - progress_track - INFO - Inserted 11900000 conversations in: 76:56
utilities.py - progress_track - INFO - Inserted 12000000 conversations in: 77:37
utilities.py - progress_track - INFO - Inserted 12100000 conversations in: 78:18
utilities.py - progress_track - INFO - Inserted 12200000 conversations in: 78:58
utilities.py - progress_track - INFO - Inserted 12300000 conversations in: 79:40
utilities.py - progress_track - INFO - Inserted 12400000 conversations in: 80:42
utilities.py - progress_track - INFO - Inserted 12500000 conversations in: 81:35
utilities.py - progress_track - INFO - Inserted 12600000 conversations in: 82:23
utilities.py - progress_track - INFO - Inserted 12700000 conversations in: 83:06
utilities.py - progress_track - INFO - Inserted 12800000 conversations in: 83:49
utilities.py - progress_track - INFO - Inserted 12900000 conversations in: 84:36
utilities.py - progress_track - INFO - Inserted 13000000 conversations in: 85:22
utilities.py - progress_track - INFO - Inserted 13100000 conversations in: 86:07
utilities.py - progress_track - INFO - Inserted 13200000 conversations in: 86:55
utilities.py - progress_track - INFO - Inserted 13300000 conversations in: 87:41
utilities.py - progress_track - INFO - Inserted 13400000 conversations in: 88:28
utilities.py - progress_track - INFO - Inserted 13500000 conversations in: 89:15
utilities.py - progress_track - INFO - Inserted 13600000 conversations in: 90:03
utilities.py - progress_track - INFO - Inserted 13700000 conversations in: 90:50
utilities.py - progress_track - INFO - Inserted 13800000 conversations in: 91:38
utilities.py - progress_track - INFO - Inserted 13900000 conversations in: 92:24
utilities.py - progress_track - INFO - Inserted 14000000 conversations in: 93:10
utilities.py - progress_track - INFO - Inserted 14100000 conversations in: 93:57
utilities.py - progress_track - INFO - Inserted 14200000 conversations in: 94:41
utilities.py - progress_track - INFO - Inserted 14300000 conversations in: 95:23
utilities.py - progress_track - INFO - Inserted 14400000 conversations in: 96:05
utilities.py - progress_track - INFO - Inserted 14500000 conversations in: 96:51
utilities.py - progress_track - INFO - Inserted 14600000 conversations in: 97:43
utilities.py - progress_track - INFO - Inserted 14700000 conversations in: 98:37
utilities.py - progress_track - INFO - Inserted 14800000 conversations in: 99:30
utilities.py - progress_track - INFO - Inserted 14900000 conversations in: 100:18
utilities.py - progress_track - INFO - Inserted 15000000 conversations in: 101:09
utilities.py - progress_track - INFO - Inserted 15100000 conversations in: 102:00
utilities.py - progress_track - INFO - Inserted 15200000 conversations in: 102:47
utilities.py - progress_track - INFO - Inserted 15300000 conversations in: 103:39
utilities.py - progress_track - INFO - Inserted 15400000 conversations in: 104:28
utilities.py - progress_track - INFO - Inserted 15500000 conversations in: 105:14
utilities.py - progress_track - INFO - Inserted 15600000 conversations in: 106:03
utilities.py - progress_track - INFO - Inserted 15700000 conversations in: 106:49
utilities.py - progress_track - INFO - Inserted 15800000 conversations in: 107:36
utilities.py - progress_track - INFO - Inserted 15900000 conversations in: 108:30
utilities.py - progress_track - INFO - Inserted 16000000 conversations in: 109:17
utilities.py - progress_track - INFO - Inserted 16100000 conversations in: 110:05
utilities.py - progress_track - INFO - Inserted 16200000 conversations in: 110:56
utilities.py - progress_track - INFO - Inserted 16300000 conversations in: 111:47
utilities.py - progress_track - INFO - Inserted 16400000 conversations in: 112:38
utilities.py - progress_track - INFO - Inserted 16500000 conversations in: 113:28
utilities.py - progress_track - INFO - Inserted 16600000 conversations in: 114:16
utilities.py - progress_track - INFO - Inserted 16700000 conversations in: 115:07
utilities.py - progress_track - INFO - Inserted 16800000 conversations in: 115:59
utilities.py - progress_track - INFO - Inserted 16900000 conversations in: 116:51
utilities.py - progress_track - INFO - Inserted 17000000 conversations in: 117:42
utilities.py - progress_track - INFO - Inserted 17100000 conversations in: 118:29
utilities.py - progress_track - INFO - Inserted 17200000 conversations in: 119:20
utilities.py - progress_track - INFO - Inserted 17300000 conversations in: 120:11
utilities.py - progress_track - INFO - Inserted 17400000 conversations in: 120:57
utilities.py - progress_track - INFO - Inserted 17500000 conversations in: 121:46
utilities.py - progress_track - INFO - Inserted 17600000 conversations in: 122:34
utilities.py - progress_track - INFO - Inserted 17700000 conversations in: 123:20
utilities.py - progress_track - INFO - Inserted 17800000 conversations in: 124:09
utilities.py - progress_track - INFO - Inserted 17900000 conversations in: 124:58
utilities.py - progress_track - INFO - Inserted 18000000 conversations in: 125:44
utilities.py - progress_track - INFO - Inserted 18100000 conversations in: 126:31
utilities.py - progress_track - INFO - Inserted 18200000 conversations in: 127:21
utilities.py - progress_track - INFO - Inserted 18300000 conversations in: 128:06
utilities.py - progress_track - INFO - Inserted 18400000 conversations in: 128:51
utilities.py - progress_track - INFO - Inserted 18500000 conversations in: 129:35
utilities.py - progress_track - INFO - Inserted 18600000 conversations in: 130:20
utilities.py - progress_track - INFO - Inserted 18700000 conversations in: 131:06
utilities.py - progress_track - INFO - Inserted 18800000 conversations in: 131:53
utilities.py - progress_track - INFO - Inserted 18900000 conversations in: 132:38
utilities.py - progress_track - INFO - Inserted 19000000 conversations in: 133:23
utilities.py - progress_track - INFO - Inserted 19100000 conversations in: 134:11
utilities.py - progress_track - INFO - Inserted 19200000 conversations in: 134:57
utilities.py - progress_track - INFO - Inserted 19300000 conversations in: 135:42
utilities.py - progress_track - INFO - Inserted 19400000 conversations in: 136:30
utilities.py - progress_track - INFO - Inserted 19500000 conversations in: 137:15
utilities.py - progress_track - INFO - Inserted 19600000 conversations in: 138:03
utilities.py - progress_track - INFO - Inserted 19700000 conversations in: 138:50
utilities.py - progress_track - INFO - Inserted 19800000 conversations in: 139:38
utilities.py - progress_track - INFO - Inserted 19900000 conversations in: 140:25
utilities.py - progress_track - INFO - Inserted 20000000 conversations in: 141:14
utilities.py - progress_track - INFO - Inserted 20100000 conversations in: 142:05
utilities.py - progress_track - INFO - Inserted 20200000 conversations in: 142:53
utilities.py - progress_track - INFO - Inserted 20300000 conversations in: 143:39
utilities.py - progress_track - INFO - Inserted 20400000 conversations in: 144:30
utilities.py - progress_track - INFO - Inserted 20500000 conversations in: 145:20
utilities.py - progress_track - INFO - Inserted 20600000 conversations in: 146:10
utilities.py - progress_track - INFO - Inserted 20700000 conversations in: 147:01
utilities.py - progress_track - INFO - Inserted 20800000 conversations in: 147:51
utilities.py - progress_track - INFO - Inserted 20900000 conversations in: 148:42
utilities.py - progress_track - INFO - Inserted 21000000 conversations in: 149:30
utilities.py - progress_track - INFO - Inserted 21100000 conversations in: 150:19
utilities.py - progress_track - INFO - Inserted 21200000 conversations in: 151:09
utilities.py - progress_track - INFO - Inserted 21300000 conversations in: 152:00
utilities.py - progress_track - INFO - Inserted 21400000 conversations in: 152:55
utilities.py - progress_track - INFO - Inserted 21500000 conversations in: 153:43
utilities.py - progress_track - INFO - Inserted 21600000 conversations in: 154:38
utilities.py - progress_track - INFO - Inserted 21700000 conversations in: 155:29
utilities.py - progress_track - INFO - Inserted 21800000 conversations in: 156:18
utilities.py - progress_track - INFO - Inserted 21900000 conversations in: 157:07
utilities.py - progress_track - INFO - Inserted 22000000 conversations in: 157:56
utilities.py - progress_track - INFO - Inserted 22100000 conversations in: 158:48
utilities.py - progress_track - INFO - Inserted 22200000 conversations in: 159:42
utilities.py - progress_track - INFO - Inserted 22300000 conversations in: 160:39
utilities.py - progress_track - INFO - Inserted 22400000 conversations in: 161:30
utilities.py - progress_track - INFO - Inserted 22500000 conversations in: 162:23
utilities.py - progress_track - INFO - Inserted 22600000 conversations in: 163:18
utilities.py - progress_track - INFO - Inserted 22700000 conversations in: 164:09
utilities.py - progress_track - INFO - Inserted 22800000 conversations in: 165:00
utilities.py - progress_track - INFO - Inserted 22900000 conversations in: 165:51
utilities.py - progress_track - INFO - Inserted 23000000 conversations in: 166:42
utilities.py - progress_track - INFO - Inserted 23100000 conversations in: 167:32
utilities.py - progress_track - INFO - Inserted 23200000 conversations in: 168:22
utilities.py - progress_track - INFO - Inserted 23300000 conversations in: 169:12
utilities.py - progress_track - INFO - Inserted 23400000 conversations in: 170:07
utilities.py - progress_track - INFO - Inserted 23500000 conversations in: 170:56
utilities.py - progress_track - INFO - Inserted 23600000 conversations in: 171:45
utilities.py - progress_track - INFO - Inserted 23700000 conversations in: 172:34
utilities.py - progress_track - INFO - Inserted 23800000 conversations in: 173:26
utilities.py - progress_track - INFO - Inserted 23900000 conversations in: 174:19
utilities.py - progress_track - INFO - Inserted 24000000 conversations in: 175:09
utilities.py - progress_track - INFO - Inserted 24100000 conversations in: 176:00
utilities.py - progress_track - INFO - Inserted 24200000 conversations in: 176:52
utilities.py - progress_track - INFO - Inserted 24300000 conversations in: 177:41
utilities.py - progress_track - INFO - Inserted 24400000 conversations in: 178:30
utilities.py - progress_track - INFO - Inserted 24500000 conversations in: 179:22
utilities.py - progress_track - INFO - Inserted 24600000 conversations in: 180:13
utilities.py - progress_track - INFO - Inserted 24700000 conversations in: 181:03
utilities.py - progress_track - INFO - Inserted 24800000 conversations in: 181:53
utilities.py - progress_track - INFO - Inserted 24900000 conversations in: 182:42
utilities.py - progress_track - INFO - Inserted 25000000 conversations in: 183:35
utilities.py - progress_track - INFO - Inserted 25100000 conversations in: 184:27
utilities.py - progress_track - INFO - Inserted 25200000 conversations in: 185:16
utilities.py - progress_track - INFO - Inserted 25300000 conversations in: 186:05
utilities.py - progress_track - INFO - Inserted 25400000 conversations in: 186:56
utilities.py - progress_track - INFO - Inserted 25500000 conversations in: 187:45
utilities.py - progress_track - INFO - Inserted 25600000 conversations in: 188:33
utilities.py - progress_track - INFO - Inserted 25700000 conversations in: 189:22
utilities.py - progress_track - INFO - Inserted 25800000 conversations in: 190:12
utilities.py - progress_track - INFO - Inserted 25900000 conversations in: 190:59
utilities.py - progress_track - INFO - Inserted 26000000 conversations in: 191:51
utilities.py - progress_track - INFO - Inserted 26100000 conversations in: 192:43
utilities.py - progress_track - INFO - Inserted 26200000 conversations in: 193:36
utilities.py - progress_track - INFO - Inserted 26300000 conversations in: 194:30
utilities.py - progress_track - INFO - Inserted 26400000 conversations in: 195:27
utilities.py - progress_track - INFO - Inserted 26500000 conversations in: 196:23
utilities.py - progress_track - INFO - Inserted 26600000 conversations in: 197:17
utilities.py - progress_track - INFO - Inserted 26700000 conversations in: 198:09
utilities.py - progress_track - INFO - Inserted 26800000 conversations in: 199:04
utilities.py - progress_track - INFO - Inserted 26900000 conversations in: 199:59
utilities.py - progress_track - INFO - Inserted 27000000 conversations in: 200:58
utilities.py - progress_track - INFO - Inserted 27100000 conversations in: 201:54
utilities.py - progress_track - INFO - Inserted 27200000 conversations in: 202:51
utilities.py - progress_track - INFO - Inserted 27300000 conversations in: 203:44
utilities.py - progress_track - INFO - Inserted 27400000 conversations in: 204:42
utilities.py - progress_track - INFO - Inserted 27500000 conversations in: 205:38
utilities.py - progress_track - INFO - Inserted 27600000 conversations in: 206:33
utilities.py - progress_track - INFO - Inserted 27700000 conversations in: 207:32
utilities.py - progress_track - INFO - Inserted 27800000 conversations in: 208:29
utilities.py - progress_track - INFO - Inserted 27900000 conversations in: 209:31
utilities.py - progress_track - INFO - Inserted 28000000 conversations in: 210:25
utilities.py - progress_track - INFO - Inserted 28100000 conversations in: 211:19
utilities.py - progress_track - INFO - Inserted 28200000 conversations in: 212:13
utilities.py - progress_track - INFO - Inserted 28300000 conversations in: 213:06
utilities.py - progress_track - INFO - Inserted 28400000 conversations in: 214:01
utilities.py - progress_track - INFO - Inserted 28500000 conversations in: 214:58
utilities.py - progress_track - INFO - Inserted 28600000 conversations in: 215:55
utilities.py - progress_track - INFO - Inserted 28700000 conversations in: 216:49
utilities.py - progress_track - INFO - Inserted 28800000 conversations in: 217:43
utilities.py - progress_track - INFO - Inserted 28900000 conversations in: 218:41
utilities.py - progress_track - INFO - Inserted 29000000 conversations in: 219:37
utilities.py - progress_track - INFO - Inserted 29100000 conversations in: 220:37
utilities.py - progress_track - INFO - Inserted 29200000 conversations in: 221:37
utilities.py - progress_track - INFO - Inserted 29300000 conversations in: 222:32
utilities.py - progress_track - INFO - Inserted 29400000 conversations in: 223:28
utilities.py - progress_track - INFO - Inserted 29500000 conversations in: 224:28
utilities.py - progress_track - INFO - Inserted 29600000 conversations in: 225:25
utilities.py - progress_track - INFO - Inserted 29700000 conversations in: 226:23
utilities.py - progress_track - INFO - Inserted 29800000 conversations in: 227:23
utilities.py - progress_track - INFO - Inserted 29900000 conversations in: 228:18
utilities.py - progress_track - INFO - Inserted 30000000 conversations in: 229:15
utilities.py - progress_track - INFO - Inserted 30100000 conversations in: 230:14
utilities.py - progress_track - INFO - Inserted 30200000 conversations in: 231:11
utilities.py - progress_track - INFO - Inserted 30300000 conversations in: 232:11
utilities.py - progress_track - INFO - Inserted 30400000 conversations in: 233:10
utilities.py - progress_track - INFO - Inserted 30500000 conversations in: 234:08
utilities.py - progress_track - INFO - Inserted 30600000 conversations in: 235:08
utilities.py - progress_track - INFO - Inserted 30700000 conversations in: 236:09
utilities.py - progress_track - INFO - Inserted 30800000 conversations in: 237:07
utilities.py - progress_track - INFO - Inserted 30900000 conversations in: 238:07
utilities.py - progress_track - INFO - Inserted 31000000 conversations in: 239:07
utilities.py - progress_track - INFO - Inserted 31100000 conversations in: 240:08
utilities.py - progress_track - INFO - Inserted 31200000 conversations in: 241:10
utilities.py - progress_track - INFO - Inserted 31300000 conversations in: 242:15
utilities.py - progress_track - INFO - Inserted 31400000 conversations in: 243:16
utilities.py - progress_track - INFO - Inserted 31500000 conversations in: 244:17
utilities.py - progress_track - INFO - Inserted 31600000 conversations in: 245:22
utilities.py - progress_track - INFO - Inserted 31700000 conversations in: 246:22
utilities.py - progress_track - INFO - Inserted 31800000 conversations in: 247:27
utilities.py - progress_track - INFO - Inserted 31900000 conversations in: 248:30
utilities.py - progress_track - INFO - Inserted 32000000 conversations in: 249:37
utilities.py - progress_track - INFO - Inserted 32100000 conversations in: 250:46
utilities.py - progress_track - INFO - Inserted 32200000 conversations in: 251:50
utilities.py - progress_track - INFO - Inserted 32300000 conversations in: 252:50
utilities.py - progress_track - INFO - Inserted 32383787 conversations in: 253:43
fill_database.py - fill_all_tables - INFO - Upload into database succesful
fill_database.py - fill_all_tables - INFO - Start referencing conversations
utilities.py - run_written_query - INFO - Connection estabilished
utilities.py - run_written_query - INFO - Query SELECT id FROM conversations; finished!
utilities.py - run_written_query - INFO - Connection estabilished
utilities.py - run_written_query - INFO - Query SELECT max(id) FROM conversation_references finished!
