config.py - initialize_logger - INFO - Logger succesfully initialized
utilities.py - run_written_query - INFO - Connection estabilished
utilities.py - run_written_query - INFO - Query create_authors.sql finished!
fill_authors.py - fill_table - INFO - DB engine connection estabilished
utilities.py - run_written_query - INFO - Connection estabilished
utilities.py - run_written_query - INFO - Query SELECT id                                                         FROM authors finished!
utilities.py - progress_track - INFO - Inserted 100000 authors in: 00:14
utilities.py - progress_track - INFO - Inserted 200000 authors in: 00:28
utilities.py - progress_track - INFO - Inserted 300000 authors in: 00:42
utilities.py - progress_track - INFO - Inserted 400000 authors in: 00:57
utilities.py - progress_track - INFO - Inserted 500000 authors in: 01:11
utilities.py - progress_track - INFO - Inserted 600000 authors in: 01:26
utilities.py - progress_track - INFO - Inserted 700000 authors in: 01:40
utilities.py - progress_track - INFO - Inserted 800000 authors in: 01:54
utilities.py - progress_track - INFO - Inserted 900000 authors in: 02:08
utilities.py - progress_track - INFO - Inserted 1000000 authors in: 02:22
utilities.py - progress_track - INFO - Inserted 1100000 authors in: 02:36
utilities.py - progress_track - INFO - Inserted 1200000 authors in: 02:51
utilities.py - progress_track - INFO - Inserted 1300000 authors in: 03:05
utilities.py - progress_track - INFO - Inserted 1400000 authors in: 03:19
utilities.py - progress_track - INFO - Inserted 1500000 authors in: 03:33
utilities.py - progress_track - INFO - Inserted 1600000 authors in: 03:47
utilities.py - progress_track - INFO - Inserted 1700000 authors in: 04:02
utilities.py - progress_track - INFO - Inserted 1800000 authors in: 04:17
utilities.py - progress_track - INFO - Inserted 1900000 authors in: 04:31
utilities.py - progress_track - INFO - Inserted 2000000 authors in: 04:46
utilities.py - progress_track - INFO - Inserted 2100000 authors in: 05:00
utilities.py - progress_track - INFO - Inserted 2200000 authors in: 05:15
utilities.py - progress_track - INFO - Inserted 2300000 authors in: 05:29
utilities.py - progress_track - INFO - Inserted 2400000 authors in: 05:43
utilities.py - progress_track - INFO - Inserted 2500000 authors in: 05:58
utilities.py - progress_track - INFO - Inserted 2600000 authors in: 06:12
utilities.py - progress_track - INFO - Inserted 2700000 authors in: 06:28
utilities.py - progress_track - INFO - Inserted 2800000 authors in: 06:42
utilities.py - progress_track - INFO - Inserted 2900000 authors in: 06:57
utilities.py - progress_track - INFO - Inserted 3000000 authors in: 07:12
utilities.py - progress_track - INFO - Inserted 3100000 authors in: 07:27
utilities.py - progress_track - INFO - Inserted 3200000 authors in: 07:42
utilities.py - progress_track - INFO - Inserted 3300000 authors in: 07:57
utilities.py - progress_track - INFO - Inserted 3400000 authors in: 08:12
utilities.py - progress_track - INFO - Inserted 3500000 authors in: 08:28
utilities.py - progress_track - INFO - Inserted 3600000 authors in: 08:43
utilities.py - progress_track - INFO - Inserted 3700000 authors in: 08:59
utilities.py - progress_track - INFO - Inserted 3800000 authors in: 09:15
utilities.py - progress_track - INFO - Inserted 3900000 authors in: 09:31
utilities.py - progress_track - INFO - Inserted 4000000 authors in: 09:47
utilities.py - progress_track - INFO - Inserted 4100000 authors in: 10:02
utilities.py - progress_track - INFO - Inserted 4200000 authors in: 10:18
utilities.py - progress_track - INFO - Inserted 4300000 authors in: 10:33
utilities.py - progress_track - INFO - Inserted 4400000 authors in: 10:48
utilities.py - progress_track - INFO - Inserted 4500000 authors in: 11:03
utilities.py - progress_track - INFO - Inserted 4600000 authors in: 11:19
utilities.py - progress_track - INFO - Inserted 4700000 authors in: 11:34
utilities.py - progress_track - INFO - Inserted 4800000 authors in: 11:50
utilities.py - progress_track - INFO - Inserted 4900000 authors in: 12:05
utilities.py - progress_track - INFO - Inserted 5000000 authors in: 12:20
utilities.py - progress_track - INFO - Inserted 5100000 authors in: 12:35
utilities.py - progress_track - INFO - Inserted 5200000 authors in: 12:51
utilities.py - progress_track - INFO - Inserted 5300000 authors in: 13:06
utilities.py - progress_track - INFO - Inserted 5400000 authors in: 13:22
utilities.py - progress_track - INFO - Inserted 5500000 authors in: 13:37
utilities.py - progress_track - INFO - Inserted 5600000 authors in: 13:43
utilities.py - progress_track - INFO - Inserted 5700000 authors in: 13:50
utilities.py - progress_track - INFO - Inserted 5800000 authors in: 13:56
utilities.py - progress_track - INFO - Inserted 5900000 authors in: 14:03
utilities.py - progress_track - INFO - Inserted 6000000 authors in: 14:10
utilities.py - progress_track - INFO - Inserted 6100000 authors in: 14:18
utilities.py - progress_track - INFO - Inserted 6200000 authors in: 14:26
utilities.py - progress_track - INFO - Inserted 6300000 authors in: 14:34
utilities.py - progress_track - INFO - Inserted 6400000 authors in: 14:42
utilities.py - progress_track - INFO - Inserted 6500000 authors in: 14:52
utilities.py - progress_track - INFO - Inserted 6600000 authors in: 15:01
utilities.py - progress_track - INFO - Inserted 6675633 authors in: 15:05
fill_authors.py - fill_table - INFO - Upload into authors database succesful
utilities.py - run_written_query - INFO - Connection estabilished
utilities.py - run_written_query - INFO - Query SELECT COUNT(*) FROM authors finished!
main.py - main - INFO - There is 5871810 authors in the DB
utilities.py - run_written_query - INFO - Connection estabilished
utilities.py - run_written_query - INFO - Query create_other_tables.sql finished!
utilities.py - run_written_query - INFO - Connection estabilished
utilities.py - run_written_query - INFO - Query SELECT max(id) FROM links finished!
utilities.py - run_written_query - INFO - Connection estabilished
utilities.py - run_written_query - INFO - Query SELECT max(id) FROM annotations finished!
utilities.py - run_written_query - INFO - Connection estabilished
utilities.py - run_written_query - INFO - Query SELECT max(id) FROM annotations finished!
utilities.py - run_written_query - INFO - Connection estabilished
utilities.py - run_written_query - INFO - Query SELECT max(id) FROM conversation_hashtags finished!
utilities.py - run_written_query - INFO - Connection estabilished
utilities.py - run_written_query - INFO - Query SELECT id FROM conversations; finished!
utilities.py - run_written_query - INFO - Connection estabilished
utilities.py - run_written_query - INFO - Query SELECT id FROM authors; finished!
utilities.py - run_written_query - INFO - Connection estabilished
utilities.py - run_written_query - INFO - Query SELECT id FROM context_entities; finished!
utilities.py - run_written_query - INFO - Connection estabilished
utilities.py - run_written_query - INFO - Query SELECT id FROM context_domains; finished!
utilities.py - run_written_query - INFO - Connection estabilished
utilities.py - run_written_query - INFO - Query SELECT tag FROM hashtags; finished!
utilities.py - progress_track - INFO - Inserted 100000 conversations in: 01:12
utilities.py - progress_track - INFO - Inserted 200000 conversations in: 02:17
utilities.py - progress_track - INFO - Inserted 300000 conversations in: 03:26
utilities.py - progress_track - INFO - Inserted 400000 conversations in: 04:43
utilities.py - progress_track - INFO - Inserted 500000 conversations in: 05:59
utilities.py - progress_track - INFO - Inserted 600000 conversations in: 07:15
utilities.py - progress_track - INFO - Inserted 700000 conversations in: 08:32
utilities.py - progress_track - INFO - Inserted 800000 conversations in: 09:49
utilities.py - progress_track - INFO - Inserted 900000 conversations in: 11:06
utilities.py - progress_track - INFO - Inserted 1000000 conversations in: 12:23
utilities.py - progress_track - INFO - Inserted 1100000 conversations in: 13:45
utilities.py - progress_track - INFO - Inserted 1200000 conversations in: 15:13
utilities.py - progress_track - INFO - Inserted 1300000 conversations in: 16:39
utilities.py - progress_track - INFO - Inserted 1400000 conversations in: 18:06
utilities.py - progress_track - INFO - Inserted 1500000 conversations in: 19:32
utilities.py - progress_track - INFO - Inserted 1600000 conversations in: 20:59
utilities.py - progress_track - INFO - Inserted 1700000 conversations in: 22:27
utilities.py - progress_track - INFO - Inserted 1800000 conversations in: 23:57
utilities.py - progress_track - INFO - Inserted 1900000 conversations in: 25:26
utilities.py - progress_track - INFO - Inserted 2000000 conversations in: 26:54
utilities.py - progress_track - INFO - Inserted 2100000 conversations in: 28:20
utilities.py - progress_track - INFO - Inserted 2200000 conversations in: 29:45
utilities.py - progress_track - INFO - Inserted 2300000 conversations in: 31:11
utilities.py - progress_track - INFO - Inserted 2400000 conversations in: 32:35
utilities.py - progress_track - INFO - Inserted 2500000 conversations in: 33:54
utilities.py - progress_track - INFO - Inserted 2600000 conversations in: 35:18
utilities.py - progress_track - INFO - Inserted 2700000 conversations in: 36:40
utilities.py - progress_track - INFO - Inserted 2800000 conversations in: 38:02
utilities.py - progress_track - INFO - Inserted 2900000 conversations in: 39:23
utilities.py - progress_track - INFO - Inserted 3000000 conversations in: 40:50
utilities.py - progress_track - INFO - Inserted 3100000 conversations in: 42:13
utilities.py - progress_track - INFO - Inserted 3200000 conversations in: 43:37
utilities.py - progress_track - INFO - Inserted 3300000 conversations in: 45:01
utilities.py - progress_track - INFO - Inserted 3400000 conversations in: 46:26
utilities.py - progress_track - INFO - Inserted 3500000 conversations in: 47:51
utilities.py - progress_track - INFO - Inserted 3600000 conversations in: 49:15
utilities.py - progress_track - INFO - Inserted 3700000 conversations in: 50:41
utilities.py - progress_track - INFO - Inserted 3800000 conversations in: 52:06
utilities.py - progress_track - INFO - Inserted 3900000 conversations in: 53:33
utilities.py - progress_track - INFO - Inserted 4000000 conversations in: 54:58
utilities.py - progress_track - INFO - Inserted 4100000 conversations in: 56:23
utilities.py - progress_track - INFO - Inserted 4200000 conversations in: 57:49
utilities.py - progress_track - INFO - Inserted 4300000 conversations in: 59:15
utilities.py - progress_track - INFO - Inserted 4400000 conversations in: 60:42
utilities.py - progress_track - INFO - Inserted 4500000 conversations in: 62:07
utilities.py - progress_track - INFO - Inserted 4600000 conversations in: 63:34
utilities.py - progress_track - INFO - Inserted 4700000 conversations in: 65:01
utilities.py - progress_track - INFO - Inserted 4800000 conversations in: 66:26
utilities.py - progress_track - INFO - Inserted 4900000 conversations in: 67:57
utilities.py - progress_track - INFO - Inserted 5000000 conversations in: 69:24
utilities.py - progress_track - INFO - Inserted 5100000 conversations in: 71:02
utilities.py - progress_track - INFO - Inserted 5200000 conversations in: 72:35
utilities.py - progress_track - INFO - Inserted 5300000 conversations in: 74:04
utilities.py - progress_track - INFO - Inserted 5400000 conversations in: 75:47
utilities.py - progress_track - INFO - Inserted 5500000 conversations in: 77:23
utilities.py - progress_track - INFO - Inserted 5600000 conversations in: 78:53
utilities.py - progress_track - INFO - Inserted 5700000 conversations in: 80:22
utilities.py - progress_track - INFO - Inserted 5800000 conversations in: 81:47
utilities.py - progress_track - INFO - Inserted 5900000 conversations in: 83:12
utilities.py - progress_track - INFO - Inserted 6000000 conversations in: 84:36
utilities.py - progress_track - INFO - Inserted 6100000 conversations in: 86:00
utilities.py - progress_track - INFO - Inserted 6200000 conversations in: 87:22
utilities.py - progress_track - INFO - Inserted 6300000 conversations in: 88:46
utilities.py - progress_track - INFO - Inserted 6400000 conversations in: 90:11
utilities.py - progress_track - INFO - Inserted 6500000 conversations in: 91:33
utilities.py - progress_track - INFO - Inserted 6600000 conversations in: 92:57
utilities.py - progress_track - INFO - Inserted 6700000 conversations in: 94:21
utilities.py - progress_track - INFO - Inserted 6800000 conversations in: 95:50
utilities.py - progress_track - INFO - Inserted 6900000 conversations in: 97:17
utilities.py - progress_track - INFO - Inserted 7000000 conversations in: 98:46
utilities.py - progress_track - INFO - Inserted 7100000 conversations in: 100:15
utilities.py - progress_track - INFO - Inserted 7200000 conversations in: 101:45
utilities.py - progress_track - INFO - Inserted 7300000 conversations in: 103:14
utilities.py - progress_track - INFO - Inserted 7400000 conversations in: 104:44
utilities.py - progress_track - INFO - Inserted 7500000 conversations in: 106:16
utilities.py - progress_track - INFO - Inserted 7600000 conversations in: 107:51
utilities.py - progress_track - INFO - Inserted 7700000 conversations in: 109:24
utilities.py - progress_track - INFO - Inserted 7800000 conversations in: 110:57
utilities.py - progress_track - INFO - Inserted 7900000 conversations in: 112:26
utilities.py - progress_track - INFO - Inserted 8000000 conversations in: 113:56
utilities.py - progress_track - INFO - Inserted 8100000 conversations in: 115:26
utilities.py - progress_track - INFO - Inserted 8200000 conversations in: 117:00
utilities.py - progress_track - INFO - Inserted 8300000 conversations in: 118:31
utilities.py - progress_track - INFO - Inserted 8400000 conversations in: 120:05
utilities.py - progress_track - INFO - Inserted 8500000 conversations in: 121:35
utilities.py - progress_track - INFO - Inserted 8600000 conversations in: 123:05
utilities.py - progress_track - INFO - Inserted 8700000 conversations in: 124:36
utilities.py - progress_track - INFO - Inserted 8800000 conversations in: 126:08
utilities.py - progress_track - INFO - Inserted 8900000 conversations in: 127:35
utilities.py - progress_track - INFO - Inserted 9000000 conversations in: 129:02
utilities.py - progress_track - INFO - Inserted 9100000 conversations in: 130:31
utilities.py - progress_track - INFO - Inserted 9200000 conversations in: 131:58
utilities.py - progress_track - INFO - Inserted 9300000 conversations in: 133:25
utilities.py - progress_track - INFO - Inserted 9400000 conversations in: 134:52
utilities.py - progress_track - INFO - Inserted 9500000 conversations in: 136:19
utilities.py - progress_track - INFO - Inserted 9600000 conversations in: 137:48
utilities.py - progress_track - INFO - Inserted 9700000 conversations in: 139:15
utilities.py - progress_track - INFO - Inserted 9800000 conversations in: 140:47
utilities.py - progress_track - INFO - Inserted 9900000 conversations in: 142:19
utilities.py - progress_track - INFO - Inserted 10000000 conversations in: 143:52
utilities.py - progress_track - INFO - Inserted 10100000 conversations in: 145:24
utilities.py - progress_track - INFO - Inserted 10200000 conversations in: 147:01
utilities.py - progress_track - INFO - Inserted 10300000 conversations in: 148:46
utilities.py - progress_track - INFO - Inserted 10400000 conversations in: 150:26
utilities.py - progress_track - INFO - Inserted 10500000 conversations in: 151:59
utilities.py - progress_track - INFO - Inserted 10600000 conversations in: 153:28
utilities.py - progress_track - INFO - Inserted 10700000 conversations in: 155:00
utilities.py - progress_track - INFO - Inserted 10800000 conversations in: 156:28
utilities.py - progress_track - INFO - Inserted 10900000 conversations in: 157:58
utilities.py - progress_track - INFO - Inserted 11000000 conversations in: 159:26
utilities.py - progress_track - INFO - Inserted 11100000 conversations in: 161:01
utilities.py - progress_track - INFO - Inserted 11200000 conversations in: 162:35
utilities.py - progress_track - INFO - Inserted 11300000 conversations in: 164:07
utilities.py - progress_track - INFO - Inserted 11400000 conversations in: 165:43
utilities.py - progress_track - INFO - Inserted 11500000 conversations in: 167:17
utilities.py - progress_track - INFO - Inserted 11600000 conversations in: 168:52
utilities.py - progress_track - INFO - Inserted 11700000 conversations in: 170:32
utilities.py - progress_track - INFO - Inserted 11800000 conversations in: 172:08
utilities.py - progress_track - INFO - Inserted 11900000 conversations in: 173:36
utilities.py - progress_track - INFO - Inserted 12000000 conversations in: 175:07
utilities.py - progress_track - INFO - Inserted 12100000 conversations in: 176:37
utilities.py - progress_track - INFO - Inserted 12200000 conversations in: 178:07
utilities.py - progress_track - INFO - Inserted 12300000 conversations in: 179:37
utilities.py - progress_track - INFO - Inserted 12400000 conversations in: 181:55
utilities.py - progress_track - INFO - Inserted 12500000 conversations in: 183:53
utilities.py - progress_track - INFO - Inserted 12600000 conversations in: 185:38
utilities.py - progress_track - INFO - Inserted 12700000 conversations in: 187:16
utilities.py - progress_track - INFO - Inserted 12800000 conversations in: 188:53
utilities.py - progress_track - INFO - Inserted 12900000 conversations in: 190:31
utilities.py - progress_track - INFO - Inserted 13000000 conversations in: 192:07
utilities.py - progress_track - INFO - Inserted 13100000 conversations in: 193:43
utilities.py - progress_track - INFO - Inserted 13200000 conversations in: 195:24
utilities.py - progress_track - INFO - Inserted 13300000 conversations in: 197:01
utilities.py - progress_track - INFO - Inserted 13400000 conversations in: 198:39
utilities.py - progress_track - INFO - Inserted 13500000 conversations in: 200:21
utilities.py - progress_track - INFO - Inserted 13600000 conversations in: 202:01
utilities.py - progress_track - INFO - Inserted 13700000 conversations in: 203:40
utilities.py - progress_track - INFO - Inserted 13800000 conversations in: 205:21
utilities.py - progress_track - INFO - Inserted 13900000 conversations in: 206:59
utilities.py - progress_track - INFO - Inserted 14000000 conversations in: 208:37
utilities.py - progress_track - INFO - Inserted 14100000 conversations in: 210:15
utilities.py - progress_track - INFO - Inserted 14200000 conversations in: 211:48
utilities.py - progress_track - INFO - Inserted 14300000 conversations in: 213:18
utilities.py - progress_track - INFO - Inserted 14400000 conversations in: 214:49
utilities.py - progress_track - INFO - Inserted 14500000 conversations in: 216:30
utilities.py - progress_track - INFO - Inserted 14600000 conversations in: 218:22
utilities.py - progress_track - INFO - Inserted 14700000 conversations in: 220:18
utilities.py - progress_track - INFO - Inserted 14800000 conversations in: 222:10
utilities.py - progress_track - INFO - Inserted 14900000 conversations in: 223:51
utilities.py - progress_track - INFO - Inserted 15000000 conversations in: 225:37
utilities.py - progress_track - INFO - Inserted 15100000 conversations in: 227:21
utilities.py - progress_track - INFO - Inserted 15200000 conversations in: 229:01
utilities.py - progress_track - INFO - Inserted 15300000 conversations in: 230:52
utilities.py - progress_track - INFO - Inserted 15400000 conversations in: 232:33
utilities.py - progress_track - INFO - Inserted 15500000 conversations in: 234:13
utilities.py - progress_track - INFO - Inserted 15600000 conversations in: 235:58
utilities.py - progress_track - INFO - Inserted 15700000 conversations in: 237:38
utilities.py - progress_track - INFO - Inserted 15800000 conversations in: 239:17
utilities.py - progress_track - INFO - Inserted 15900000 conversations in: 241:09
utilities.py - progress_track - INFO - Inserted 16000000 conversations in: 242:48
utilities.py - progress_track - INFO - Inserted 16100000 conversations in: 244:29
utilities.py - progress_track - INFO - Inserted 16200000 conversations in: 246:15
utilities.py - progress_track - INFO - Inserted 16300000 conversations in: 248:08
utilities.py - progress_track - INFO - Inserted 16400000 conversations in: 249:55
utilities.py - progress_track - INFO - Inserted 16500000 conversations in: 251:41
utilities.py - progress_track - INFO - Inserted 16600000 conversations in: 253:21
utilities.py - progress_track - INFO - Inserted 16700000 conversations in: 255:04
utilities.py - progress_track - INFO - Inserted 16800000 conversations in: 256:56
utilities.py - progress_track - INFO - Inserted 16900000 conversations in: 258:45
utilities.py - progress_track - INFO - Inserted 17000000 conversations in: 260:32
utilities.py - progress_track - INFO - Inserted 17100000 conversations in: 262:13
utilities.py - progress_track - INFO - Inserted 17200000 conversations in: 263:59
utilities.py - progress_track - INFO - Inserted 17300000 conversations in: 265:48
utilities.py - progress_track - INFO - Inserted 17400000 conversations in: 267:25
utilities.py - progress_track - INFO - Inserted 17500000 conversations in: 269:08
utilities.py - progress_track - INFO - Inserted 17600000 conversations in: 270:54
utilities.py - progress_track - INFO - Inserted 17700000 conversations in: 272:36
utilities.py - progress_track - INFO - Inserted 17800000 conversations in: 274:17
utilities.py - progress_track - INFO - Inserted 17900000 conversations in: 276:01
utilities.py - progress_track - INFO - Inserted 18000000 conversations in: 277:38
utilities.py - progress_track - INFO - Inserted 18100000 conversations in: 279:16
utilities.py - progress_track - INFO - Inserted 18200000 conversations in: 281:05
utilities.py - progress_track - INFO - Inserted 18300000 conversations in: 282:41
utilities.py - progress_track - INFO - Inserted 18400000 conversations in: 284:16
utilities.py - progress_track - INFO - Inserted 18500000 conversations in: 285:53
utilities.py - progress_track - INFO - Inserted 18600000 conversations in: 287:31
utilities.py - progress_track - INFO - Inserted 18700000 conversations in: 289:09
utilities.py - progress_track - INFO - Inserted 18800000 conversations in: 290:49
utilities.py - progress_track - INFO - Inserted 18900000 conversations in: 292:25
utilities.py - progress_track - INFO - Inserted 19000000 conversations in: 294:02
utilities.py - progress_track - INFO - Inserted 19100000 conversations in: 295:47
utilities.py - progress_track - INFO - Inserted 19200000 conversations in: 297:24
utilities.py - progress_track - INFO - Inserted 19300000 conversations in: 298:58
utilities.py - progress_track - INFO - Inserted 19400000 conversations in: 300:40
utilities.py - progress_track - INFO - Inserted 19500000 conversations in: 302:18
utilities.py - progress_track - INFO - Inserted 19600000 conversations in: 303:57
utilities.py - progress_track - INFO - Inserted 19700000 conversations in: 305:39
utilities.py - progress_track - INFO - Inserted 19800000 conversations in: 307:19
utilities.py - progress_track - INFO - Inserted 19900000 conversations in: 308:58
utilities.py - progress_track - INFO - Inserted 20000000 conversations in: 310:45
utilities.py - progress_track - INFO - Inserted 20100000 conversations in: 312:30
utilities.py - progress_track - INFO - Inserted 20200000 conversations in: 314:10
utilities.py - progress_track - INFO - Inserted 20300000 conversations in: 315:48
utilities.py - progress_track - INFO - Inserted 20400000 conversations in: 317:32
utilities.py - progress_track - INFO - Inserted 20500000 conversations in: 319:17
utilities.py - progress_track - INFO - Inserted 20600000 conversations in: 321:07
utilities.py - progress_track - INFO - Inserted 20700000 conversations in: 322:52
utilities.py - progress_track - INFO - Inserted 20800000 conversations in: 324:35
utilities.py - progress_track - INFO - Inserted 20900000 conversations in: 326:26
utilities.py - progress_track - INFO - Inserted 21000000 conversations in: 328:04
utilities.py - progress_track - INFO - Inserted 21100000 conversations in: 329:46
utilities.py - progress_track - INFO - Inserted 21200000 conversations in: 331:34
utilities.py - progress_track - INFO - Inserted 21300000 conversations in: 333:21
utilities.py - progress_track - INFO - Inserted 21400000 conversations in: 335:12
utilities.py - progress_track - INFO - Inserted 21500000 conversations in: 336:59
utilities.py - progress_track - INFO - Inserted 21600000 conversations in: 338:49
utilities.py - progress_track - INFO - Inserted 21700000 conversations in: 340:37
utilities.py - progress_track - INFO - Inserted 21800000 conversations in: 342:23
utilities.py - progress_track - INFO - Inserted 21900000 conversations in: 344:03
utilities.py - progress_track - INFO - Inserted 22000000 conversations in: 345:47
utilities.py - progress_track - INFO - Inserted 22100000 conversations in: 347:36
utilities.py - progress_track - INFO - Inserted 22200000 conversations in: 349:26
utilities.py - progress_track - INFO - Inserted 22300000 conversations in: 351:23
utilities.py - progress_track - INFO - Inserted 22400000 conversations in: 353:12
utilities.py - progress_track - INFO - Inserted 22500000 conversations in: 354:59
utilities.py - progress_track - INFO - Inserted 22600000 conversations in: 356:56
utilities.py - progress_track - INFO - Inserted 22700000 conversations in: 358:41
utilities.py - progress_track - INFO - Inserted 22800000 conversations in: 360:24
utilities.py - progress_track - INFO - Inserted 22900000 conversations in: 362:10
utilities.py - progress_track - INFO - Inserted 23000000 conversations in: 363:53
utilities.py - progress_track - INFO - Inserted 23100000 conversations in: 365:37
utilities.py - progress_track - INFO - Inserted 23200000 conversations in: 367:23
utilities.py - progress_track - INFO - Inserted 23300000 conversations in: 369:09
utilities.py - progress_track - INFO - Inserted 23400000 conversations in: 371:02
utilities.py - progress_track - INFO - Inserted 23500000 conversations in: 372:48
utilities.py - progress_track - INFO - Inserted 23600000 conversations in: 374:27
utilities.py - progress_track - INFO - Inserted 23700000 conversations in: 376:11
